<?xml version="1.0" encoding="UTF-8"?>
<!-- Generated by org.testng.reporters.JUnitXMLReporter -->
<testsuite ignored="0" hostname="DESKTOP-QLKE4PB" failures="0" tests="3" name="Test" time="63.544" errors="0" timestamp="11 Apr 2023 11:45:44 GMT">
  <testcase classname="org.booking.functionality.Mynthra" name="formalShirtsForMen" time="22.102"/>
  <testcase classname="org.booking.functionality.Mynthra" name="formalPantsForMen" time="16.625"/>
  <testcase classname="org.booking.functionality.Mynthra" name="formalShoesForMen" time="21.749"/>
</testsuite> <!-- Test -->
